2025-04-22 00:16:00,054 - Image_Editor - INFO - Starting Image_Editor application
2025-04-22 00:16:00,059 - Image_Editor.AppState - INFO - Settings loaded from file
2025-04-22 00:16:00,059 - Image_Editor.AppState - INFO - AppState initialized
2025-04-22 00:16:00,290 - PhotoForge.ImageHandler - INFO - ImageHandler initialized
2025-04-22 00:16:00,321 - PhotoForge.Menubar - INFO - Menu bar created
2025-04-22 00:16:48,439 - Image_Editor - INFO - Starting Image_Editor application
2025-04-22 00:16:48,440 - Image_Editor.AppState - INFO - Settings loaded from file
2025-04-22 00:16:48,441 - Image_Editor.AppState - INFO - AppState initialized
2025-04-22 00:16:48,525 - PhotoForge.ImageHandler - INFO - ImageHandler initialized
2025-04-22 00:16:48,570 - PhotoForge.Menubar - INFO - Menu bar created
2025-04-22 00:17:24,284 - Image_Editor - INFO - Starting Image_Editor application
2025-04-22 00:17:24,285 - Image_Editor.AppState - INFO - Settings loaded from file
2025-04-22 00:17:24,286 - Image_Editor.AppState - INFO - AppState initialized
2025-04-22 00:17:24,372 - PhotoForge.ImageHandler - INFO - ImageHandler initialized
2025-04-22 00:17:24,421 - PhotoForge.Menubar - INFO - Menu bar created
2025-04-22 00:17:24,682 - Image_Editor.Toolbar - INFO - Toolbar initialized
2025-04-22 00:17:24,735 - Image_Editor.Canvas - INFO - EditCanvas initialized
2025-04-22 00:17:24,801 - PhotoForge.LayerPanel - INFO - Layer panel initialized
2025-04-22 00:17:24,818 - PhotoForge.ToolOptionsPanel - INFO - Tool options panel initialized
2025-04-22 00:17:24,857 - Image_Editor.MainWindow - INFO - Main window initialized
2025-04-22 00:17:37,713 - PhotoForge.Dialogs.NewFile - INFO - New file dialog opened
2025-04-22 00:17:42,875 - PhotoForge.LayerManager - INFO - LayerManager initialized with canvas size 800x600
2025-04-22 00:17:42,875 - PhotoForge.LayerManager - INFO - Added layer 'Background' at position 0
2025-04-22 00:17:42,875 - Image_Editor.AppState - INFO - Created new 800x600 image
2025-04-22 00:17:42,893 - Image_Editor.Canvas - INFO - Set image on canvas, shape: (600, 800, 4)
2025-04-22 00:17:42,943 - Image_Editor.MainWindow - INFO - Created new document 800x600
2025-04-22 00:17:42,979 - PhotoForge.Dialogs.NewFile - INFO - Created new image (800x600)
2025-04-22 00:17:49,317 - Image_Editor.Toolbar - INFO - Selected tool: brush
2025-04-22 00:18:02,976 - Image_Editor.AppState - INFO - Settings saved to file
2025-04-22 00:18:03,066 - Image_Editor - INFO - Image_Editor application closed
2025-04-22 16:19:05,545 - Image_Editor - INFO - Starting Image_Editor application
2025-04-22 16:19:05,555 - Image_Editor.AppState - INFO - Settings loaded from file
2025-04-22 16:19:05,556 - Image_Editor.AppState - INFO - AppState initialized
2025-04-22 16:19:05,687 - Image_Editor.ImageHandler - INFO - ImageHandler initialized
2025-04-22 16:19:05,719 - Image_Editor.Menubar - INFO - Menu bar created
2025-04-22 16:19:05,963 - Image_Editor.Toolbar - INFO - Toolbar initialized
2025-04-22 16:19:06,003 - Image_Editor.Canvas - INFO - EditCanvas initialized
2025-04-22 16:19:06,032 - Image_Editor.LayerPanel - INFO - Layer panel initialized
2025-04-22 16:19:06,040 - Image_Editor.ToolOptionsPanel - INFO - Tool options panel initialized
2025-04-22 16:19:06,058 - Image_Editor.MainWindow - INFO - Main window initialized
2025-04-22 16:19:10,801 - Image_Editor.Dialogs.NewFile - INFO - New file dialog opened
2025-04-22 16:19:14,617 - Image_Editor.Dialogs.NewFile - INFO - New file dialog opened
2025-04-22 16:19:16,276 - Image_Editor.LayerManager - INFO - LayerManager initialized with canvas size 800x600
2025-04-22 16:19:16,277 - Image_Editor.LayerManager - INFO - Added layer 'Background' at position 0
2025-04-22 16:19:16,277 - Image_Editor.AppState - INFO - Created new 800x600 image
2025-04-22 16:19:16,295 - Image_Editor.Canvas - INFO - Set image on canvas, shape: (600, 800, 4)
2025-04-22 16:19:16,340 - Image_Editor.MainWindow - INFO - Created new document 800x600
2025-04-22 16:19:16,365 - Image_Editor.Dialogs.NewFile - INFO - Created new image (800x600)
2025-04-22 16:19:18,022 - Image_Editor.Toolbar - INFO - Selected tool: brush
2025-04-22 16:19:23,663 - Image_Editor.LayerManager - INFO - Added layer 'Layer 1' at position 1
2025-04-22 16:19:23,768 - Image_Editor.Canvas - INFO - Set image on canvas, shape: (600, 800, 4)
2025-04-22 16:19:23,769 - Image_Editor.LayerPanel - INFO - Added new layer: Layer 1
2025-04-22 16:19:29,773 - Image_Editor.Toolbar - INFO - Selected tool: eraser
2025-04-22 16:19:34,485 - Image_Editor.AppState - INFO - Settings saved to file
2025-04-22 16:19:34,559 - Image_Editor - INFO - Image_Editor application closed
2025-04-22 16:28:40,387 - Image_Editor - INFO - Starting Image_Editor application
2025-04-22 16:28:40,388 - Image_Editor.AppState - INFO - Settings loaded from file
2025-04-22 16:28:40,388 - Image_Editor.AppState - INFO - AppState initialized
2025-04-22 16:28:40,457 - Image_Editor.ImageHandler - INFO - ImageHandler initialized
2025-04-22 16:28:40,484 - Image_Editor.Menubar - INFO - Menu bar created
2025-04-22 16:28:40,637 - Image_Editor.Toolbar - INFO - Toolbar initialized
2025-04-22 16:28:40,655 - Image_Editor.Canvas - INFO - EditCanvas initialized
2025-04-22 16:28:40,699 - Image_Editor.LayerPanel - INFO - Layer panel initialized
2025-04-22 16:28:40,708 - Image_Editor.ToolOptionsPanel - INFO - Tool options panel initialized
2025-04-22 16:28:40,726 - Image_Editor.MainWindow - INFO - Main window initialized
2025-04-22 16:28:40,727 - Image_Editor - INFO - Initializing tools
2025-04-22 16:28:40,727 - Image_Editor.AppState - INFO - Activated tool: move
2025-04-22 16:28:40,728 - Image_Editor - INFO - Tools initialized
2025-04-22 16:28:46,821 - Image_Editor.Dialogs.NewFile - INFO - New file dialog opened
2025-04-22 16:28:48,771 - Image_Editor.MainWindow - ERROR - Error creating new document: operands could not be broadcast together with shapes (600,800,4) (5,) 
2025-04-22 16:28:53,054 - Image_Editor.Dialogs.NewFile - INFO - Created new image (800x600)
2025-04-22 16:28:57,856 - Image_Editor.ImageHandler - INFO - Loaded image from C:/Users/kyusu/Desktop/test.png, shape: (512, 512, 3)
2025-04-22 16:28:57,856 - Image_Editor.MainWindow - ERROR - Error opening file C:/Users/kyusu/Desktop/test.png: LayerManager.__init__() missing 1 required positional argument: 'height'
2025-04-22 16:29:06,294 - Image_Editor - INFO - Image_Editor application closed
2025-04-22 16:38:21,255 - Image_Editor - INFO - Starting Image_Editor application
2025-04-22 16:38:21,256 - Image_Editor.AppState - INFO - Settings loaded from file
2025-04-22 16:38:21,257 - Image_Editor.AppState - INFO - AppState initialized
2025-04-22 16:38:21,313 - Image_Editor.ImageHandler - INFO - ImageHandler initialized
2025-04-22 16:38:21,516 - Image_Editor.Toolbar - INFO - Toolbar initialized
2025-04-22 16:38:21,534 - Image_Editor.Canvas - INFO - EditCanvas initialized
2025-04-22 16:38:21,564 - Image_Editor.LayerPanel - INFO - Layer panel initialized
2025-04-22 16:38:21,573 - Image_Editor.ToolOptionsPanel - INFO - Tool options panel initialized
2025-04-22 16:38:21,588 - Image_Editor.MainWindow - INFO - Main window initialized
2025-04-22 16:38:21,588 - Image_Editor - INFO - Initializing tools
2025-04-22 16:38:21,589 - Image_Editor.AppState - INFO - Activated tool: move
2025-04-22 16:38:21,589 - Image_Editor - INFO - Tools initialized
2025-04-22 16:38:25,166 - Image_Editor.Dialogs.NewFile - INFO - New file dialog opened
2025-04-22 16:38:26,992 - Image_Editor.LayerManager - INFO - LayerManager initialized with canvas size 800x600
2025-04-22 16:38:26,992 - Image_Editor.LayerManager - INFO - Added layer 'Background' at position 0
2025-04-22 16:38:27,033 - Image_Editor.Canvas - INFO - Set image on canvas, shape: (600, 800, 4)
2025-04-22 16:38:27,033 - Image_Editor.MainWindow - ERROR - Error creating new document: 'LayerPanel' object has no attribute 'refresh'
2025-04-22 16:38:28,701 - Image_Editor.Dialogs.NewFile - INFO - Created new image (800x600)
2025-04-22 16:38:30,857 - Image_Editor.AppState - INFO - Activated tool: brush
2025-04-22 16:38:30,858 - Image_Editor.Toolbar - INFO - Tool selected: brush
2025-04-22 16:38:37,122 - Image_Editor - INFO - Image_Editor application closed
2025-04-22 17:00:08,952 - Image_Editor - INFO - Starting Image_Editor application
2025-04-22 17:00:08,953 - Image_Editor.AppState - INFO - Settings loaded from file
2025-04-22 17:00:08,953 - Image_Editor.AppState - INFO - AppState initialized
2025-04-22 17:00:09,010 - Image_Editor.ImageHandler - INFO - ImageHandler initialized
2025-04-22 17:00:09,178 - Image_Editor.Toolbar - INFO - Toolbar initialized
2025-04-22 17:00:09,196 - Image_Editor.Canvas - INFO - EditCanvas initialized
2025-04-22 17:00:09,224 - Image_Editor.LayerPanel - INFO - Layer panel initialized
2025-04-22 17:00:09,233 - Image_Editor.ToolOptionsPanel - INFO - Tool options panel initialized
2025-04-22 17:00:09,248 - Image_Editor.MainWindow - INFO - Main window initialized
2025-04-22 17:00:09,248 - Image_Editor - INFO - Initializing tools
2025-04-22 17:00:09,248 - Image_Editor.AppState - INFO - Activated tool: move
2025-04-22 17:00:09,249 - Image_Editor - INFO - Tools initialized
2025-04-22 17:00:21,763 - Image_Editor.Dialogs.NewFile - INFO - New file dialog opened
2025-04-22 17:00:25,223 - Image_Editor.Dialogs.NewFile - INFO - New file dialog opened
2025-04-22 17:00:26,931 - Image_Editor.LayerManager - INFO - LayerManager initialized with canvas size 800x600
2025-04-22 17:00:26,932 - Image_Editor.LayerManager - INFO - Added layer 'Background' at position 0
2025-04-22 17:00:26,976 - Image_Editor.Canvas - INFO - Set image on canvas, shape: (600, 800, 4)
2025-04-22 17:00:27,034 - Image_Editor.MainWindow - INFO - Created new document: 800x600
2025-04-22 17:00:27,062 - Image_Editor.Dialogs.NewFile - INFO - Created new image (800x600)
2025-04-22 17:00:29,015 - Image_Editor.AppState - INFO - Activated tool: brush
2025-04-22 17:00:29,015 - Image_Editor.Toolbar - INFO - Tool selected: brush
2025-04-22 17:00:35,302 - Image_Editor.AppState - ERROR - Tool 'select' not found
2025-04-22 17:00:35,302 - Image_Editor.Toolbar - INFO - Tool selected: select
2025-04-22 17:00:40,314 - Image_Editor.AppState - ERROR - Tool 'eraser' not found
2025-04-22 17:00:40,314 - Image_Editor.Toolbar - INFO - Tool selected: eraser
2025-04-22 17:00:43,223 - Image_Editor.AppState - ERROR - Tool 'text' not found
2025-04-22 17:00:43,223 - Image_Editor.Toolbar - INFO - Tool selected: text
2025-04-22 17:00:51,999 - Image_Editor.LayerManager - INFO - Added layer 'Background copy' at position 1
2025-04-22 17:00:52,000 - Image_Editor.LayerManager - INFO - Duplicated layer 'Background' to 'Background copy'
2025-04-22 17:00:52,121 - Image_Editor.Canvas - INFO - Set image on canvas, shape: (600, 800, 4)
2025-04-22 17:00:52,121 - Image_Editor.LayerPanel - INFO - Duplicated layer: Background copy
2025-04-22 17:01:08,616 - Image_Editor - INFO - Image_Editor application closed
2025-04-22 17:03:24,215 - Image_Editor - INFO - Starting Image_Editor application
2025-04-22 17:03:24,216 - Image_Editor.AppState - INFO - Settings loaded from file
2025-04-22 17:03:24,216 - Image_Editor.AppState - INFO - AppState initialized
2025-04-22 17:03:24,290 - Image_Editor.ImageHandler - INFO - ImageHandler initialized
2025-04-22 17:03:24,484 - Image_Editor.Toolbar - INFO - Toolbar initialized
2025-04-22 17:03:24,503 - Image_Editor.Canvas - INFO - EditCanvas initialized
2025-04-22 17:03:24,531 - Image_Editor.LayerPanel - INFO - Layer panel initialized
2025-04-22 17:03:24,539 - Image_Editor.ToolOptionsPanel - INFO - Tool options panel initialized
2025-04-22 17:03:24,553 - Image_Editor.MainWindow - INFO - Main window initialized
2025-04-22 17:03:24,553 - Image_Editor - INFO - Initializing tools
2025-04-22 17:03:24,554 - Image_Editor.EraserTool - INFO - EraserTool initialized
2025-04-22 17:03:24,554 - Image_Editor.AppState - INFO - Activated tool: move
2025-04-22 17:03:24,554 - Image_Editor - INFO - Tools initialized
2025-04-22 17:03:28,754 - Image_Editor.Dialogs.NewFile - INFO - New file dialog opened
2025-04-22 17:03:31,616 - Image_Editor.LayerManager - INFO - LayerManager initialized with canvas size 800x600
2025-04-22 17:03:31,617 - Image_Editor.LayerManager - INFO - Added layer 'Background' at position 0
2025-04-22 17:03:31,659 - Image_Editor.Canvas - INFO - Set image on canvas, shape: (600, 800, 4)
2025-04-22 17:03:31,716 - Image_Editor.MainWindow - INFO - Created new document: 800x600
2025-04-22 17:03:31,744 - Image_Editor.Dialogs.NewFile - INFO - Created new image (800x600)
2025-04-22 17:03:33,191 - Image_Editor.AppState - INFO - Activated tool: brush
2025-04-22 17:03:33,191 - Image_Editor.Toolbar - INFO - Tool selected: brush
2025-04-22 17:03:35,228 - Image_Editor.Canvas - INFO - Set image on canvas, shape: (600, 800, 4)
2025-04-22 17:03:35,366 - Image_Editor.Canvas - INFO - Set image on canvas, shape: (600, 800, 4)
2025-04-22 17:03:35,523 - Image_Editor.Canvas - INFO - Set image on canvas, shape: (600, 800, 4)
2025-04-22 17:03:35,736 - Image_Editor.Canvas - INFO - Set image on canvas, shape: (600, 800, 4)
2025-04-22 17:03:35,951 - Image_Editor.Canvas - INFO - Set image on canvas, shape: (600, 800, 4)
2025-04-22 17:03:40,195 - Image_Editor.Canvas - INFO - Set image on canvas, shape: (600, 800, 4)
2025-04-22 17:03:40,364 - Image_Editor.Canvas - INFO - Set image on canvas, shape: (600, 800, 4)
2025-04-22 17:03:47,162 - Image_Editor.Canvas - INFO - Set image on canvas, shape: (600, 800, 4)
2025-04-22 17:03:47,766 - Image_Editor.Canvas - INFO - Set image on canvas, shape: (600, 800, 4)
2025-04-22 17:03:47,980 - Image_Editor.Canvas - INFO - Set image on canvas, shape: (600, 800, 4)
2025-04-22 17:03:48,219 - Image_Editor.Canvas - INFO - Set image on canvas, shape: (600, 800, 4)
2025-04-22 17:03:48,435 - Image_Editor.Canvas - INFO - Set image on canvas, shape: (600, 800, 4)
2025-04-22 17:04:10,208 - Image_Editor.EraserTool - INFO - Eraser tool activated
2025-04-22 17:04:10,209 - Image_Editor.AppState - INFO - Activated tool: eraser
2025-04-22 17:04:10,209 - Image_Editor.Toolbar - INFO - Tool selected: eraser
2025-04-22 17:04:13,570 - Image_Editor.Canvas - INFO - Set image on canvas, shape: (600, 800, 4)
2025-04-22 17:04:13,720 - Image_Editor.Canvas - INFO - Set image on canvas, shape: (600, 800, 4)
2025-04-22 17:04:13,888 - Image_Editor.Canvas - INFO - Set image on canvas, shape: (600, 800, 4)
2025-04-22 17:04:14,117 - Image_Editor.Canvas - INFO - Set image on canvas, shape: (600, 800, 4)
2025-04-22 17:04:14,961 - Image_Editor.Canvas - INFO - Set image on canvas, shape: (600, 800, 4)
2025-04-22 17:04:15,164 - Image_Editor.Canvas - INFO - Set image on canvas, shape: (600, 800, 4)
2025-04-22 17:04:15,374 - Image_Editor.Canvas - INFO - Set image on canvas, shape: (600, 800, 4)
2025-04-22 17:04:15,573 - Image_Editor.Canvas - INFO - Set image on canvas, shape: (600, 800, 4)
2025-04-22 17:04:15,802 - Image_Editor.Canvas - INFO - Set image on canvas, shape: (600, 800, 4)
2025-04-22 17:04:25,453 - Image_Editor - INFO - Image_Editor application closed
2025-04-22 17:04:57,163 - Image_Editor - INFO - Starting Image_Editor application
2025-04-22 17:04:57,165 - Image_Editor.AppState - INFO - Settings loaded from file
2025-04-22 17:04:57,165 - Image_Editor.AppState - INFO - AppState initialized
2025-04-22 17:04:57,246 - Image_Editor.ImageHandler - INFO - ImageHandler initialized
2025-04-22 17:04:57,458 - Image_Editor.Toolbar - INFO - Toolbar initialized
2025-04-22 17:04:57,477 - Image_Editor.Canvas - INFO - EditCanvas initialized
2025-04-22 17:04:57,509 - Image_Editor.LayerPanel - INFO - Layer panel initialized
2025-04-22 17:04:57,518 - Image_Editor.ToolOptionsPanel - INFO - Tool options panel initialized
2025-04-22 17:04:57,534 - Image_Editor.MainWindow - INFO - Main window initialized
2025-04-22 17:04:57,534 - Image_Editor - INFO - Initializing tools
2025-04-22 17:04:57,534 - Image_Editor.EraserTool - INFO - EraserTool initialized
2025-04-22 17:04:57,535 - Image_Editor.AppState - INFO - Activated tool: move
2025-04-22 17:04:57,535 - Image_Editor - INFO - Tools initialized
2025-04-22 17:05:00,957 - Image_Editor.Dialogs.NewFile - INFO - New file dialog opened
2025-04-22 17:05:03,244 - Image_Editor.LayerManager - INFO - LayerManager initialized with canvas size 800x600
2025-04-22 17:05:03,245 - Image_Editor.LayerManager - INFO - Added layer 'Background' at position 0
2025-04-22 17:05:03,291 - Image_Editor.Canvas - INFO - Set image on canvas, shape: (600, 800, 4)
2025-04-22 17:05:03,350 - Image_Editor.MainWindow - INFO - Created new document: 800x600
2025-04-22 17:05:03,378 - Image_Editor.Dialogs.NewFile - INFO - Created new image (800x600)
2025-04-22 17:05:05,181 - Image_Editor.AppState - INFO - Activated tool: brush
2025-04-22 17:05:05,181 - Image_Editor.Toolbar - INFO - Tool selected: brush
2025-04-22 17:05:08,732 - Image_Editor.Canvas - INFO - Set image on canvas, shape: (600, 800, 4)
2025-04-22 17:05:10,325 - Image_Editor.Canvas - INFO - Set image on canvas, shape: (600, 800, 4)
2025-04-22 17:05:11,827 - Image_Editor.Canvas - INFO - Set image on canvas, shape: (600, 800, 4)
2025-04-22 17:05:15,558 - Image_Editor.Canvas - INFO - Set image on canvas, shape: (600, 800, 4)
2025-04-22 17:05:17,025 - Image_Editor.Canvas - INFO - Set image on canvas, shape: (600, 800, 4)
2025-04-22 17:05:18,313 - Image_Editor.CropTool - INFO - Crop tool activated
2025-04-22 17:05:18,314 - Image_Editor.AppState - INFO - Activated tool: crop
2025-04-22 17:05:18,314 - Image_Editor.Toolbar - INFO - Tool selected: crop
2025-04-22 17:05:26,360 - Image_Editor.CropTool - INFO - Crop tool deactivated
2025-04-22 17:05:26,361 - Image_Editor.EraserTool - INFO - Eraser tool activated
2025-04-22 17:05:26,362 - Image_Editor.AppState - INFO - Activated tool: eraser
2025-04-22 17:05:26,362 - Image_Editor.Toolbar - INFO - Tool selected: eraser
2025-04-22 17:05:28,071 - Image_Editor.Canvas - INFO - Set image on canvas, shape: (600, 800, 4)
2025-04-22 17:05:30,044 - Image_Editor.AppState - ERROR - Tool 'text' not found
2025-04-22 17:05:30,045 - Image_Editor.Toolbar - INFO - Tool selected: text
2025-04-22 17:05:31,194 - Image_Editor.Canvas - INFO - Set image on canvas, shape: (600, 800, 4)
2025-04-22 17:05:32,929 - Image_Editor.Canvas - INFO - Set image on canvas, shape: (600, 800, 4)
2025-04-22 17:05:52,054 - Image_Editor.MainWindow - INFO - Undo: Eraser Stroke
2025-04-22 17:05:56,648 - Image_Editor - INFO - Image_Editor application closed
2025-04-22 17:47:32,005 - Image_Editor - INFO - Starting Image_Editor application
2025-04-22 17:47:32,014 - Image_Editor.AppState - INFO - Settings loaded from file
2025-04-22 17:47:32,014 - Image_Editor.AppState - INFO - AppState initialized
2025-04-22 17:47:32,092 - Image_Editor.ImageHandler - INFO - ImageHandler initialized
2025-04-22 17:47:32,326 - Image_Editor.Toolbar - INFO - Toolbar initialized
2025-04-22 17:47:32,368 - Image_Editor.Canvas - INFO - EditCanvas initialized
2025-04-22 17:47:32,399 - Image_Editor.LayerPanel - INFO - Layer panel initialized
2025-04-22 17:47:32,407 - Image_Editor.ToolOptionsPanel - INFO - Tool options panel initialized
2025-04-22 17:47:32,517 - Image_Editor.MainWindow - INFO - Main window initialized
2025-04-22 17:47:32,517 - Image_Editor - INFO - Initializing tools
2025-04-22 17:47:32,517 - Image_Editor.EraserTool - INFO - EraserTool initialized
2025-04-22 17:56:35,004 - Image_Editor - INFO - Starting Image_Editor application
2025-04-22 17:56:35,005 - Image_Editor.AppState - INFO - Settings loaded from file
2025-04-22 17:56:35,005 - Image_Editor.AppState - INFO - AppState initialized
2025-04-22 17:56:35,076 - Image_Editor.ImageHandler - INFO - ImageHandler initialized
2025-04-22 17:56:35,288 - Image_Editor.Toolbar - INFO - Toolbar initialized
2025-04-22 17:56:35,309 - Image_Editor.Canvas - INFO - EditCanvas initialized
2025-04-22 17:56:35,340 - Image_Editor.LayerPanel - INFO - Layer panel initialized
2025-04-22 17:56:35,349 - Image_Editor.ToolOptionsPanel - INFO - Tool options panel initialized
2025-04-22 17:56:35,468 - Image_Editor.MainWindow - INFO - Main window initialized
2025-04-22 17:56:35,468 - Image_Editor - INFO - Initializing tools
2025-04-22 17:56:35,468 - Image_Editor.EraserTool - INFO - EraserTool initialized
2025-04-22 17:56:35,469 - Image_Editor.AppState - INFO - Activated tool: move
2025-04-22 17:56:35,469 - Image_Editor - INFO - Tools initialized
2025-04-22 17:56:45,373 - Image_Editor.Dialogs.NewFile - INFO - New file dialog opened
2025-04-22 17:56:50,829 - Image_Editor.ImageHandler - INFO - Loaded image from C:/Users/kyusu/Desktop/logo192.png, shape: (512, 512, 3)
2025-04-22 17:56:50,829 - Image_Editor.LayerManager - INFO - LayerManager initialized with canvas size 512x512
2025-04-22 17:56:50,830 - Image_Editor.LayerManager - INFO - Added layer 'Background' at position 0
2025-04-22 17:56:50,859 - Image_Editor.Canvas - INFO - Set image on canvas, shape: (512, 512, 4)
2025-04-22 17:56:50,914 - Image_Editor.AppState - INFO - Settings saved to file
2025-04-22 17:56:50,914 - Image_Editor.MainWindow - INFO - Opened file: C:/Users/kyusu/Desktop/logo192.png
2025-04-22 17:57:07,094 - Image_Editor.AppState - INFO - Activated tool: effects
2025-04-22 17:57:07,094 - Image_Editor.Toolbar - INFO - Tool selected: effects
2025-04-22 17:57:12,719 - Image_Editor.EffectsTool - ERROR - Error applying effect noise: OpenCV(4.11.0) D:\a\opencv-python\opencv-python\opencv\modules\core\src\arithm.cpp:689: error: (-5:Bad argument) When the input arrays in add/subtract/multiply/divide functions have different types, the output array type must be explicitly specified in function 'cv::arithm_op'

2025-04-22 17:57:12,749 - Image_Editor.Canvas - INFO - Set image on canvas, shape: (512, 512, 4)
2025-04-22 17:57:24,495 - Image_Editor.EffectsTool - ERROR - Error applying effect noise: OpenCV(4.11.0) D:\a\opencv-python\opencv-python\opencv\modules\core\src\arithm.cpp:689: error: (-5:Bad argument) When the input arrays in add/subtract/multiply/divide functions have different types, the output array type must be explicitly specified in function 'cv::arithm_op'

2025-04-22 17:57:41,057 - Image_Editor.EffectsTool - ERROR - Error applying effect noise: OpenCV(4.11.0) D:\a\opencv-python\opencv-python\opencv\modules\core\src\arithm.cpp:689: error: (-5:Bad argument) When the input arrays in add/subtract/multiply/divide functions have different types, the output array type must be explicitly specified in function 'cv::arithm_op'

2025-04-22 17:57:41,073 - Image_Editor.Canvas - INFO - Set image on canvas, shape: (512, 512, 4)
2025-04-22 17:58:11,458 - Image_Editor - INFO - Image_Editor application closed
2025-04-22 18:53:27,517 - Image_Editor - INFO - Starting Image_Editor application
2025-04-22 18:53:27,518 - Image_Editor.AppState - INFO - Settings loaded from file
2025-04-22 18:53:27,518 - Image_Editor.AppState - INFO - AppState initialized
2025-04-22 18:53:27,628 - Image_Editor.ImageHandler - INFO - ImageHandler initialized
2025-04-22 18:53:27,948 - Image_Editor.Toolbar - INFO - Toolbar initialized
2025-04-22 18:53:27,968 - Image_Editor.Canvas - INFO - EditCanvas initialized
2025-04-22 18:53:27,998 - Image_Editor.LayerPanel - INFO - Layer panel initialized
2025-04-22 18:53:28,007 - Image_Editor.ToolOptionsPanel - INFO - Tool options panel initialized
2025-04-22 18:53:28,111 - Image_Editor.MainWindow - INFO - Main window initialized
2025-04-22 18:53:28,111 - Image_Editor - INFO - Initializing tools
2025-04-22 18:53:28,112 - Image_Editor.EraserTool - INFO - EraserTool initialized
2025-04-22 18:53:28,112 - Image_Editor.AppState - INFO - Activated tool: move
2025-04-22 18:53:28,115 - Image_Editor - INFO - Tools initialized
2025-04-22 18:53:34,521 - Image_Editor.ImageHandler - INFO - Loaded image from C:/Users/kyusu/Desktop/logo192.png, shape: (512, 512, 3)
2025-04-22 18:53:34,522 - Image_Editor.LayerManager - INFO - LayerManager initialized with canvas size 512x512
2025-04-22 18:53:34,523 - Image_Editor.LayerManager - INFO - Added layer 'Background' at position 0
2025-04-22 18:53:34,538 - Image_Editor.Canvas - INFO - Set image on canvas, shape: (512, 512, 4)
2025-04-22 18:53:34,592 - Image_Editor.AppState - INFO - Settings saved to file
2025-04-22 18:53:34,592 - Image_Editor.MainWindow - INFO - Opened file: C:/Users/kyusu/Desktop/logo192.png
2025-04-22 18:53:41,979 - Image_Editor.Canvas - INFO - Set image on canvas, shape: (512, 512, 4)
2025-04-22 18:53:42,669 - Image_Editor.Canvas - INFO - Set image on canvas, shape: (512, 512, 4)
2025-04-22 18:53:54,337 - Image_Editor.Canvas - INFO - Set image on canvas, shape: (512, 512, 4)
2025-04-22 18:53:54,878 - Image_Editor.Canvas - INFO - Set image on canvas, shape: (512, 512, 4)
2025-04-22 18:53:55,052 - Image_Editor.Canvas - INFO - Set image on canvas, shape: (512, 512, 4)
2025-04-22 18:53:55,190 - Image_Editor.Canvas - INFO - Set image on canvas, shape: (512, 512, 4)
2025-04-22 18:53:55,339 - Image_Editor.Canvas - INFO - Set image on canvas, shape: (512, 512, 4)
2025-04-22 18:53:56,343 - Image_Editor.Canvas - INFO - Set image on canvas, shape: (512, 512, 4)
2025-04-22 18:53:58,030 - Image_Editor.Canvas - INFO - Set image on canvas, shape: (512, 512, 4)
2025-04-22 18:54:03,196 - Image_Editor.ImageHandler - INFO - Saved image to C:/Users/kyusu/Desktop/logo192.png
2025-04-22 18:54:03,198 - Image_Editor.AppState - INFO - Settings saved to file
2025-04-22 18:54:03,198 - Image_Editor.MainWindow - INFO - Saved file: C:/Users/kyusu/Desktop/logo192.png
2025-04-22 18:54:05,771 - Image_Editor.ImageHandler - INFO - Saved image to C:/Users/kyusu/Desktop/logo192.png
2025-04-22 18:54:05,772 - Image_Editor.AppState - INFO - Settings saved to file
2025-04-22 18:54:05,772 - Image_Editor.MainWindow - INFO - Saved file: C:/Users/kyusu/Desktop/logo192.png
2025-04-22 18:54:06,814 - Image_Editor - INFO - Image_Editor application closed
